<?xml version="1.0" encoding="UTF-8"?>
<!-- Generated by org.testng.reporters.JUnitReportReporter -->
<testsuite hostname="JasmiPC" failures="0" tests="1" name="com.test.TestDemo" time="0.014" errors="0" timestamp="2023-05-23T13:39:03 IST" skipped="0">
  <testcase classname="com.test.TestDemo" name="testRun" time="0.014"/>
  <system-out/>
</testsuite> <!-- com.test.TestDemo -->
